<?xml version="1.0" encoding="UTF-8"?>
<!-- Generated by org.testng.reporters.JUnitReportReporter -->
<testsuite hostname="IN-696XTN3" failures="0" tests="3" name="com.Selenium.testcases.AmazonSigninPageTest" time="6.316" errors="0" timestamp="2023-09-21T12:19:19 IST" skipped="0">
  <testcase classname="com.Selenium.testcases.AmazonSigninPageTest" name="ClickonSignTest" time="1.137"/>
  <system-out/>
  <testcase classname="com.Selenium.testcases.AmazonSigninPageTest" name="CreateAccountDetailsTest" time="2.077"/>
  <system-out/>
  <testcase classname="com.Selenium.testcases.AmazonSigninPageTest" name="Searchforamazomitem" time="3.102"/>
  <system-out/>
</testsuite> <!-- com.Selenium.testcases.AmazonSigninPageTest -->
