<?xml version="1.0" encoding="UTF-8"?>
<!-- Generated by org.testng.reporters.JUnitReportReporter -->
<testsuite hostname="IN-696XTN3" failures="0" tests="1" name="Book.Selenium.AppTest" time="0.012" errors="0" timestamp="2023-09-21T12:19:19 IST" skipped="0">
  <testcase classname="Book.Selenium.AppTest" name="shouldAnswerWithTrue" time="0.012"/>
  <system-out/>
</testsuite> <!-- Book.Selenium.AppTest -->
