<?xml version="1.0" encoding="UTF-8"?>
<!-- Generated by org.testng.reporters.JUnitReportReporter -->
<testsuite hostname="IN-696XTN3" failures="0" tests="3" name="com.Selenium.testcases.AmazonSigninPageTest" time="3.948" errors="0" timestamp="2023-09-21T12:15:52 IST" skipped="0">
  <testcase classname="com.Selenium.testcases.AmazonSigninPageTest" name="ClickonSignTest" time="0.786"/>
  <system-out/>
  <testcase classname="com.Selenium.testcases.AmazonSigninPageTest" name="CreateAccountDetailsTest" time="1.377"/>
  <system-out/>
  <testcase classname="com.Selenium.testcases.AmazonSigninPageTest" name="Searchforamazomitem" time="1.785"/>
  <system-out/>
</testsuite> <!-- com.Selenium.testcases.AmazonSigninPageTest -->
